<?xml version="1.0" encoding="utf-8"?>
<coverage line-rate="0.982" branch-rate="0.9375" version="1.9" timestamp="1687822231" lines-covered="164" lines-valid="167" branches-covered="30" branches-valid="32">
  <sources>
    <source>D:\P\S0GITHUB\J-API-Demos\SimplifiedSlotMachine\</source>
  </sources>
  <packages>
    <package name="GameModel.Abstract" line-rate="1" branch-rate="1" complexity="0">
      <classes />
    </package>
    <package name="SimplifiedSlotMachine.DataModel" line-rate="1" branch-rate="1" complexity="18">
      <classes>
        <class name="SimplifiedSlotMachine.DataModel.GameException" filename="SimplifiedSlotMachine.DataModel\GameException.cs" line-rate="1" branch-rate="1" complexity="2">
          <methods>
            <method name=".ctor" signature="(System.String)" line-rate="1" branch-rate="1" complexity="1">
              <lines>
                <line number="14" hits="12" branch="False" />
              </lines>
            </method>
            <method name=".ctor" signature="(System.String,System.Exception)" line-rate="1" branch-rate="1" complexity="1">
              <lines>
                <line number="15" hits="3" branch="False" />
              </lines>
            </method>
          </methods>
          <lines>
            <line number="14" hits="12" branch="False" />
            <line number="15" hits="3" branch="False" />
          </lines>
        </class>
        <class name="SimplifiedSlotMachine.DataModel.GameSession" filename="SimplifiedSlotMachine.DataModel\GameSession.cs" line-rate="1" branch-rate="1" complexity="6">
          <methods>
            <method name="get_BeginBalance" signature="()" line-rate="1" branch-rate="1" complexity="1">
              <lines>
                <line number="5" hits="7" branch="False" />
              </lines>
            </method>
            <method name="get_Stake" signature="()" line-rate="1" branch-rate="1" complexity="1">
              <lines>
                <line number="6" hits="15" branch="False" />
              </lines>
            </method>
            <method name="get_WinAmount" signature="()" line-rate="1" branch-rate="1" complexity="1">
              <lines>
                <line number="7" hits="23" branch="False" />
              </lines>
            </method>
            <method name="get_EndBalance" signature="()" line-rate="1" branch-rate="1" complexity="1">
              <lines>
                <line number="8" hits="27" branch="False" />
              </lines>
            </method>
            <method name="get_Stages" signature="()" line-rate="1" branch-rate="1" complexity="1">
              <lines>
                <line number="10" hits="4" branch="False" />
              </lines>
            </method>
            <method name=".ctor" signature="(System.Decimal,System.Decimal)" line-rate="1" branch-rate="1" complexity="1">
              <lines>
                <line number="12" hits="8" branch="False" />
                <line number="13" hits="4" branch="False" />
                <line number="14" hits="4" branch="False" />
                <line number="15" hits="4" branch="False" />
                <line number="16" hits="4" branch="False" />
                <line number="17" hits="4" branch="False" />
                <line number="18" hits="4" branch="False" />
              </lines>
            </method>
          </methods>
          <lines>
            <line number="5" hits="7" branch="False" />
            <line number="6" hits="15" branch="False" />
            <line number="7" hits="23" branch="False" />
            <line number="8" hits="27" branch="False" />
            <line number="10" hits="4" branch="False" />
            <line number="12" hits="8" branch="False" />
            <line number="13" hits="4" branch="False" />
            <line number="14" hits="4" branch="False" />
            <line number="15" hits="4" branch="False" />
            <line number="16" hits="4" branch="False" />
            <line number="17" hits="4" branch="False" />
            <line number="18" hits="4" branch="False" />
          </lines>
        </class>
        <class name="SimplifiedSlotMachine.DataModel.Stage" filename="SimplifiedSlotMachine.DataModel\Stage.cs" line-rate="1" branch-rate="1" complexity="4">
          <methods>
            <method name="get_Stake" signature="()" line-rate="1" branch-rate="1" complexity="1">
              <lines>
                <line number="5" hits="52" branch="False" />
              </lines>
            </method>
            <method name="get_WinAmount" signature="()" line-rate="1" branch-rate="1" complexity="1">
              <lines>
                <line number="6" hits="52" branch="False" />
              </lines>
            </method>
            <method name="get_SpinResult" signature="()" line-rate="1" branch-rate="1" complexity="1">
              <lines>
                <line number="7" hits="46" branch="False" />
              </lines>
            </method>
            <method name=".ctor" signature="(System.Decimal)" line-rate="1" branch-rate="1" complexity="1">
              <lines>
                <line number="9" hits="32" branch="False" />
                <line number="10" hits="16" branch="False" />
                <line number="11" hits="16" branch="False" />
                <line number="12" hits="16" branch="False" />
              </lines>
            </method>
          </methods>
          <lines>
            <line number="5" hits="52" branch="False" />
            <line number="6" hits="52" branch="False" />
            <line number="7" hits="46" branch="False" />
            <line number="9" hits="32" branch="False" />
            <line number="10" hits="16" branch="False" />
            <line number="11" hits="16" branch="False" />
            <line number="12" hits="16" branch="False" />
          </lines>
        </class>
        <class name="SimplifiedSlotMachine.DataModel.Symbol" filename="SimplifiedSlotMachine.DataModel\Symbol.cs" line-rate="1" branch-rate="1" complexity="6">
          <methods>
            <method name="get_Name" signature="()" line-rate="1" branch-rate="1" complexity="1">
              <lines>
                <line number="5" hits="95" branch="False" />
              </lines>
            </method>
            <method name="get_Letter" signature="()" line-rate="1" branch-rate="1" complexity="1">
              <lines>
                <line number="6" hits="720245" branch="False" />
              </lines>
            </method>
            <method name="get_Coefficient" signature="()" line-rate="1" branch-rate="1" complexity="1">
              <lines>
                <line number="7" hits="140" branch="False" />
              </lines>
            </method>
            <method name="get_Probability" signature="()" line-rate="1" branch-rate="1" complexity="1">
              <lines>
                <line number="8" hits="232380" branch="False" />
              </lines>
            </method>
            <method name="get_IsWildcard" signature="()" line-rate="1" branch-rate="1" complexity="1">
              <lines>
                <line number="9" hits="113" branch="False" />
              </lines>
            </method>
            <method name=".ctor" signature="(System.String,System.String,System.Decimal,System.Double,System.Boolean)" line-rate="1" branch-rate="1" complexity="1">
              <lines>
                <line number="11" hits="95" branch="False" />
                <line number="12" hits="95" branch="False" />
                <line number="13" hits="95" branch="False" />
                <line number="14" hits="95" branch="False" />
                <line number="15" hits="95" branch="False" />
                <line number="16" hits="95" branch="False" />
                <line number="17" hits="95" branch="False" />
                <line number="18" hits="95" branch="False" />
              </lines>
            </method>
          </methods>
          <lines>
            <line number="5" hits="95" branch="False" />
            <line number="6" hits="720245" branch="False" />
            <line number="7" hits="140" branch="False" />
            <line number="8" hits="232380" branch="False" />
            <line number="9" hits="113" branch="False" />
            <line number="11" hits="95" branch="False" />
            <line number="12" hits="95" branch="False" />
            <line number="13" hits="95" branch="False" />
            <line number="14" hits="95" branch="False" />
            <line number="15" hits="95" branch="False" />
            <line number="16" hits="95" branch="False" />
            <line number="17" hits="95" branch="False" />
            <line number="18" hits="95" branch="False" />
          </lines>
        </class>
      </classes>
    </package>
    <package name="SimplifiedSlotMachine.GameModel" line-rate="0.9773999999999999" branch-rate="0.9375" complexity="46">
      <classes>
        <class name="SimplifiedSlotMachine.GameModel.SimplifiedGameModel" filename="SimplifiedSlotMachine.GameModel\SimplifiedGameModel.cs" line-rate="1" branch-rate="0.8332999999999999" complexity="15">
          <methods>
            <method name="get_Symbols" signature="()" line-rate="1" branch-rate="1" complexity="1">
              <lines>
                <line number="13" hits="13" branch="False" />
              </lines>
            </method>
            <method name="get_CurrentSession" signature="()" line-rate="1" branch-rate="1" complexity="1">
              <lines>
                <line number="14" hits="56" branch="False" />
              </lines>
            </method>
            <method name="get_SessionStages" signature="()" line-rate="1" branch-rate="1" complexity="1">
              <lines>
                <line number="15" hits="23" branch="False" />
              </lines>
            </method>
            <method name="get_SessionSize" signature="()" line-rate="1" branch-rate="1" complexity="1">
              <lines>
                <line number="16" hits="21" branch="False" />
              </lines>
            </method>
            <method name="get_Spin" signature="()" line-rate="1" branch-rate="1" complexity="1">
              <lines>
                <line number="17" hits="20" branch="False" />
              </lines>
            </method>
            <method name="InitializeSymbols" signature="()" line-rate="1" branch-rate="1" complexity="1">
              <lines>
                <line number="31" hits="6" branch="False" />
                <line number="32" hits="6" branch="False" />
                <line number="33" hits="6" branch="False" />
                <line number="34" hits="6" branch="False" />
                <line number="35" hits="6" branch="False" />
                <line number="36" hits="6" branch="False" />
                <line number="37" hits="6" branch="False" />
                <line number="38" hits="6" branch="False" />
                <line number="39" hits="6" branch="False" />
              </lines>
            </method>
            <method name="StartSession" signature="(System.Decimal,System.Decimal)" line-rate="1" branch-rate="1" complexity="1">
              <lines>
                <line number="41" hits="4" branch="False" />
                <line number="42" hits="4" branch="False" />
                <line number="43" hits="4" branch="False" />
                <line number="44" hits="4" branch="False" />
                <line number="45" hits="4" branch="False" />
              </lines>
            </method>
            <method name="RotateSession" signature="()" line-rate="1" branch-rate="0.8332999999999999" complexity="6">
              <lines>
                <line number="48" hits="3" branch="False" />
                <line number="49" hits="3" branch="True" condition-coverage="100% (2/2)">
                  <conditions>
                    <condition number="12" type="jump" coverage="100%" />
                  </conditions>
                </line>
                <line number="50" hits="1" branch="False" />
                <line number="52" hits="2" branch="False" />
                <line number="54" hits="2" branch="False" />
                <line number="56" hits="8" branch="False" />
                <line number="57" hits="8" branch="False" />
                <line number="58" hits="8" branch="False" />
                <line number="59" hits="8" branch="True" condition-coverage="50% (1/2)">
                  <conditions>
                    <condition number="64" type="jump" coverage="50%" />
                  </conditions>
                </line>
                <line number="60" hits="8" branch="False" />
                <line number="61" hits="8" branch="False" />
                <line number="63" hits="8" branch="False" />
                <line number="64" hits="16" branch="True" condition-coverage="100% (2/2)">
                  <conditions>
                    <condition number="155" type="jump" coverage="100%" />
                  </conditions>
                </line>
                <line number="65" hits="2" branch="False" />
              </lines>
            </method>
            <method name="RotateStage" signature="(SimplifiedSlotMachine.GameModel.SimplifiedGameStageModel,System.Decimal)" line-rate="1" branch-rate="1" complexity="1">
              <lines>
                <line number="68" hits="8" branch="False" />
                <line number="69" hits="8" branch="False" />
                <line number="70" hits="8" branch="False" />
                <line number="71" hits="8" branch="False" />
                <line number="72" hits="8" branch="False" />
                <line number="73" hits="8" branch="False" />
              </lines>
            </method>
            <method name=".ctor" signature="(GameModel.Abstract.IGameSpin)" line-rate="1" branch-rate="1" complexity="1">
              <lines>
                <line number="19" hits="12" branch="False" />
                <line number="20" hits="6" branch="False" />
                <line number="21" hits="6" branch="False" />
                <line number="23" hits="6" branch="False" />
                <line number="24" hits="6" branch="False" />
                <line number="26" hits="6" branch="False" />
                <line number="27" hits="6" branch="False" />
                <line number="28" hits="6" branch="False" />
              </lines>
            </method>
          </methods>
          <lines>
            <line number="13" hits="13" branch="False" />
            <line number="14" hits="56" branch="False" />
            <line number="15" hits="23" branch="False" />
            <line number="16" hits="21" branch="False" />
            <line number="17" hits="20" branch="False" />
            <line number="31" hits="6" branch="False" />
            <line number="32" hits="6" branch="False" />
            <line number="33" hits="6" branch="False" />
            <line number="34" hits="6" branch="False" />
            <line number="35" hits="6" branch="False" />
            <line number="36" hits="6" branch="False" />
            <line number="37" hits="6" branch="False" />
            <line number="38" hits="6" branch="False" />
            <line number="39" hits="6" branch="False" />
            <line number="41" hits="4" branch="False" />
            <line number="42" hits="4" branch="False" />
            <line number="43" hits="4" branch="False" />
            <line number="44" hits="4" branch="False" />
            <line number="45" hits="4" branch="False" />
            <line number="48" hits="3" branch="False" />
            <line number="49" hits="3" branch="True" condition-coverage="100% (2/2)">
              <conditions>
                <condition number="12" type="jump" coverage="100%" />
              </conditions>
            </line>
            <line number="50" hits="1" branch="False" />
            <line number="52" hits="2" branch="False" />
            <line number="54" hits="2" branch="False" />
            <line number="56" hits="8" branch="False" />
            <line number="57" hits="8" branch="False" />
            <line number="58" hits="8" branch="False" />
            <line number="59" hits="8" branch="True" condition-coverage="50% (1/2)">
              <conditions>
                <condition number="64" type="jump" coverage="50%" />
              </conditions>
            </line>
            <line number="60" hits="8" branch="False" />
            <line number="61" hits="8" branch="False" />
            <line number="63" hits="8" branch="False" />
            <line number="64" hits="16" branch="True" condition-coverage="100% (2/2)">
              <conditions>
                <condition number="155" type="jump" coverage="100%" />
              </conditions>
            </line>
            <line number="65" hits="2" branch="False" />
            <line number="68" hits="8" branch="False" />
            <line number="69" hits="8" branch="False" />
            <line number="70" hits="8" branch="False" />
            <line number="71" hits="8" branch="False" />
            <line number="72" hits="8" branch="False" />
            <line number="73" hits="8" branch="False" />
            <line number="19" hits="12" branch="False" />
            <line number="20" hits="6" branch="False" />
            <line number="21" hits="6" branch="False" />
            <line number="23" hits="6" branch="False" />
            <line number="24" hits="6" branch="False" />
            <line number="26" hits="6" branch="False" />
            <line number="27" hits="6" branch="False" />
            <line number="28" hits="6" branch="False" />
          </lines>
        </class>
        <class name="SimplifiedSlotMachine.GameModel.SimplifiedGameStageModel" filename="SimplifiedSlotMachine.GameModel\SimplifiedGameStageModel.cs" line-rate="1" branch-rate="1" complexity="18">
          <methods>
            <method name="get_Model" signature="()" line-rate="1" branch-rate="1" complexity="1">
              <lines>
                <line number="8" hits="36" branch="False" />
              </lines>
            </method>
            <method name="Start" signature="(System.Decimal)" line-rate="1" branch-rate="1" complexity="1">
              <lines>
                <line number="16" hits="6" branch="False" />
                <line number="17" hits="6" branch="False" />
                <line number="18" hits="6" branch="False" />
                <line number="19" hits="6" branch="False" />
                <line number="20" hits="6" branch="False" />
                <line number="21" hits="6" branch="False" />
                <line number="22" hits="6" branch="False" />
              </lines>
            </method>
            <method name="Rotate" signature="(SimplifiedSlotMachine.DataModel.Stage)" line-rate="1" branch-rate="1" complexity="1">
              <lines>
                <line number="30" hits="9" branch="False" />
                <line number="31" hits="9" branch="False" />
                <line number="32" hits="9" branch="False" />
              </lines>
            </method>
            <method name="HasStageWin" signature="(System.Collections.Generic.List`1&lt;SimplifiedSlotMachine.DataModel.Symbol&gt;)" line-rate="1" branch-rate="1" complexity="6">
              <lines>
                <line number="40" hits="29" branch="False" />
                <line number="41" hits="33" branch="True" condition-coverage="100% (4/4)">
                  <conditions>
                    <condition number="8" type="jump" coverage="100%" />
                    <condition number="24" type="jump" coverage="100%" />
                  </conditions>
                </line>
                <line number="42" hits="25" branch="False" />
                <line number="43" hits="99" branch="True" condition-coverage="100% (2/2)">
                  <conditions>
                    <condition number="22" type="jump" coverage="100%" />
                  </conditions>
                </line>
                <line number="44" hits="28" branch="False" />
              </lines>
            </method>
            <method name="CalculateWinAmount" signature="(System.Collections.Generic.List`1&lt;SimplifiedSlotMachine.DataModel.Symbol&gt;,System.Decimal)" line-rate="1" branch-rate="1" complexity="2">
              <lines>
                <line number="47" hits="19" branch="False" />
                <line number="48" hits="19" branch="True" condition-coverage="100% (2/2)">
                  <conditions>
                    <condition number="10" type="jump" coverage="100%" />
                  </conditions>
                </line>
                <line number="49" hits="15" branch="False" />
                <line number="50" hits="60" branch="False" />
                <line number="51" hits="15" branch="False" />
                <line number="53" hits="3" branch="False" />
                <line number="54" hits="18" branch="False" />
              </lines>
            </method>
            <method name="RecalculateStage" signature="(SimplifiedSlotMachine.DataModel.Stage)" line-rate="1" branch-rate="1" complexity="6">
              <lines>
                <line number="61" hits="14" branch="False" />
                <line number="62" hits="14" branch="True" condition-coverage="100% (4/4)">
                  <conditions>
                    <condition number="2" type="jump" coverage="100%" />
                    <condition number="25" type="jump" coverage="100%" />
                  </conditions>
                </line>
                <line number="63" hits="2" branch="False" />
                <line number="64" hits="2" branch="False" />
                <line number="65" hits="12" branch="False" />
                <line number="66" hits="12" branch="True" condition-coverage="100% (2/2)">
                  <conditions>
                    <condition number="51" type="jump" coverage="100%" />
                  </conditions>
                </line>
                <line number="67" hits="1" branch="False" />
                <line number="68" hits="1" branch="False" />
                <line number="72" hits="11" branch="False" />
                <line number="73" hits="11" branch="False" />
                <line number="74" hits="10" branch="False" />
                <line number="75" hits="10" branch="False" />
                <line number="76" hits="1" branch="False" />
                <line number="77" hits="1" branch="False" />
                <line number="78" hits="1" branch="False" />
                <line number="80" hits="10" branch="False" />
              </lines>
            </method>
            <method name=".ctor" signature="(GameModel.Abstract.IGameModel)" line-rate="1" branch-rate="1" complexity="1">
              <lines>
                <line number="10" hits="27" branch="False" />
                <line number="11" hits="27" branch="False" />
                <line number="12" hits="27" branch="False" />
                <line number="13" hits="27" branch="False" />
              </lines>
            </method>
          </methods>
          <lines>
            <line number="8" hits="36" branch="False" />
            <line number="16" hits="6" branch="False" />
            <line number="17" hits="6" branch="False" />
            <line number="18" hits="6" branch="False" />
            <line number="19" hits="6" branch="False" />
            <line number="20" hits="6" branch="False" />
            <line number="21" hits="6" branch="False" />
            <line number="22" hits="6" branch="False" />
            <line number="30" hits="9" branch="False" />
            <line number="31" hits="9" branch="False" />
            <line number="32" hits="9" branch="False" />
            <line number="40" hits="29" branch="False" />
            <line number="41" hits="33" branch="True" condition-coverage="100% (4/4)">
              <conditions>
                <condition number="8" type="jump" coverage="100%" />
                <condition number="24" type="jump" coverage="100%" />
              </conditions>
            </line>
            <line number="42" hits="25" branch="False" />
            <line number="43" hits="99" branch="True" condition-coverage="100% (2/2)">
              <conditions>
                <condition number="22" type="jump" coverage="100%" />
              </conditions>
            </line>
            <line number="44" hits="28" branch="False" />
            <line number="47" hits="19" branch="False" />
            <line number="48" hits="19" branch="True" condition-coverage="100% (2/2)">
              <conditions>
                <condition number="10" type="jump" coverage="100%" />
              </conditions>
            </line>
            <line number="49" hits="15" branch="False" />
            <line number="50" hits="60" branch="False" />
            <line number="51" hits="15" branch="False" />
            <line number="53" hits="3" branch="False" />
            <line number="54" hits="18" branch="False" />
            <line number="61" hits="14" branch="False" />
            <line number="62" hits="14" branch="True" condition-coverage="100% (4/4)">
              <conditions>
                <condition number="2" type="jump" coverage="100%" />
                <condition number="25" type="jump" coverage="100%" />
              </conditions>
            </line>
            <line number="63" hits="2" branch="False" />
            <line number="64" hits="2" branch="False" />
            <line number="65" hits="12" branch="False" />
            <line number="66" hits="12" branch="True" condition-coverage="100% (2/2)">
              <conditions>
                <condition number="51" type="jump" coverage="100%" />
              </conditions>
            </line>
            <line number="67" hits="1" branch="False" />
            <line number="68" hits="1" branch="False" />
            <line number="72" hits="11" branch="False" />
            <line number="73" hits="11" branch="False" />
            <line number="74" hits="10" branch="False" />
            <line number="75" hits="10" branch="False" />
            <line number="76" hits="1" branch="False" />
            <line number="77" hits="1" branch="False" />
            <line number="78" hits="1" branch="False" />
            <line number="80" hits="10" branch="False" />
            <line number="10" hits="27" branch="False" />
            <line number="11" hits="27" branch="False" />
            <line number="12" hits="27" branch="False" />
            <line number="13" hits="27" branch="False" />
          </lines>
        </class>
        <class name="SimplifiedSlotMachine.GameModel.SimplifiedSpin" filename="SimplifiedSlotMachine.GameModel\SimplifiedSpin.cs" line-rate="0.9301999999999999" branch-rate="0.9166" complexity="13">
          <methods>
            <method name="get_AvailableSymbols" signature="()" line-rate="1" branch-rate="1" complexity="1">
              <lines>
                <line number="10" hits="90021" branch="False" />
              </lines>
            </method>
            <method name="Rotate" signature="(System.Int32)" line-rate="0.875" branch-rate="0.875" complexity="8">
              <lines>
                <line number="35" hits="30002" branch="False" />
                <line number="36" hits="30002" branch="False" />
                <line number="37" hits="240010" branch="True" condition-coverage="100% (2/2)">
                  <conditions>
                    <condition number="169" type="jump" coverage="100%" />
                  </conditions>
                </line>
                <line number="38" hits="90004" branch="False" />
                <line number="39" hits="90004" branch="False" />
                <line number="40" hits="90004" branch="False" />
                <line number="41" hits="502288" branch="True" condition-coverage="100% (2/2)">
                  <conditions>
                    <condition number="109" type="jump" coverage="100%" />
                  </conditions>
                </line>
                <line number="42" hits="161140" branch="False" />
                <line number="43" hits="161140" branch="True" condition-coverage="100% (2/2)">
                  <conditions>
                    <condition number="83" type="jump" coverage="100%" />
                  </conditions>
                </line>
                <line number="44" hits="90003" branch="False" />
                <line number="45" hits="90003" branch="False" />
                <line number="46" hits="90003" branch="False" />
                <line number="48" hits="71137" branch="False" />
                <line number="49" hits="71137" branch="False" />
                <line number="50" hits="90003" branch="True" condition-coverage="50% (1/2)">
                  <conditions>
                    <condition number="136" type="jump" coverage="50%" />
                  </conditions>
                </line>
                <line number="51" hits="90003" branch="False" />
                <line number="52" hits="90003" branch="False" />
                <line number="53" hits="90003" branch="False" />
                <line number="55" hits="0" branch="False" />
                <line number="60" hits="0" branch="False" />
                <line number="61" hits="0" branch="False" />
                <line number="62" hits="90003" branch="False" />
                <line number="64" hits="30001" branch="False" />
                <line number="65" hits="30001" branch="False" />
              </lines>
            </method>
            <method name=".ctor" signature="()" line-rate="1" branch-rate="1" complexity="2">
              <lines>
                <line number="8" hits="9" branch="False" />
                <line number="12" hits="6" branch="False" />
                <line number="13" hits="6" branch="False" />
                <line number="14" hits="6" branch="False" />
                <line number="16" hits="6" branch="False" />
                <line number="17" hits="192" branch="True" condition-coverage="100% (2/2)">
                  <conditions>
                    <condition number="80" type="jump" coverage="100%" />
                  </conditions>
                </line>
                <line number="18" hits="90" branch="False" />
                <line number="19" hits="90" branch="False" />
                <line number="20" hits="90" branch="False" />
                <line number="21" hits="6" branch="False" />
              </lines>
            </method>
            <method name=".ctor" signature="(System.Collections.Generic.List`1&lt;SimplifiedSlotMachine.DataModel.Symbol&gt;)" line-rate="1" branch-rate="1" complexity="2">
              <lines>
                <line number="23" hits="6" branch="False" />
                <line number="24" hits="3" branch="False" />
                <line number="27" hits="3" branch="False" />
                <line number="28" hits="96" branch="True" condition-coverage="100% (2/2)">
                  <conditions>
                    <condition number="76" type="jump" coverage="100%" />
                  </conditions>
                </line>
                <line number="29" hits="45" branch="False" />
                <line number="30" hits="45" branch="False" />
                <line number="31" hits="45" branch="False" />
                <line number="32" hits="3" branch="False" />
              </lines>
            </method>
          </methods>
          <lines>
            <line number="10" hits="90021" branch="False" />
            <line number="35" hits="30002" branch="False" />
            <line number="36" hits="30002" branch="False" />
            <line number="37" hits="240010" branch="True" condition-coverage="100% (2/2)">
              <conditions>
                <condition number="169" type="jump" coverage="100%" />
              </conditions>
            </line>
            <line number="38" hits="90004" branch="False" />
            <line number="39" hits="90004" branch="False" />
            <line number="40" hits="90004" branch="False" />
            <line number="41" hits="502288" branch="True" condition-coverage="100% (2/2)">
              <conditions>
                <condition number="109" type="jump" coverage="100%" />
              </conditions>
            </line>
            <line number="42" hits="161140" branch="False" />
            <line number="43" hits="161140" branch="True" condition-coverage="100% (2/2)">
              <conditions>
                <condition number="83" type="jump" coverage="100%" />
              </conditions>
            </line>
            <line number="44" hits="90003" branch="False" />
            <line number="45" hits="90003" branch="False" />
            <line number="46" hits="90003" branch="False" />
            <line number="48" hits="71137" branch="False" />
            <line number="49" hits="71137" branch="False" />
            <line number="50" hits="90003" branch="True" condition-coverage="50% (1/2)">
              <conditions>
                <condition number="136" type="jump" coverage="50%" />
              </conditions>
            </line>
            <line number="51" hits="90003" branch="False" />
            <line number="52" hits="90003" branch="False" />
            <line number="53" hits="90003" branch="False" />
            <line number="55" hits="0" branch="False" />
            <line number="60" hits="0" branch="False" />
            <line number="61" hits="0" branch="False" />
            <line number="62" hits="90003" branch="False" />
            <line number="64" hits="30001" branch="False" />
            <line number="65" hits="30001" branch="False" />
            <line number="8" hits="9" branch="False" />
            <line number="12" hits="6" branch="False" />
            <line number="13" hits="6" branch="False" />
            <line number="14" hits="6" branch="False" />
            <line number="16" hits="6" branch="False" />
            <line number="17" hits="192" branch="True" condition-coverage="100% (2/2)">
              <conditions>
                <condition number="80" type="jump" coverage="100%" />
              </conditions>
            </line>
            <line number="18" hits="90" branch="False" />
            <line number="19" hits="90" branch="False" />
            <line number="20" hits="90" branch="False" />
            <line number="21" hits="6" branch="False" />
            <line number="23" hits="6" branch="False" />
            <line number="24" hits="3" branch="False" />
            <line number="27" hits="3" branch="False" />
            <line number="28" hits="96" branch="True" condition-coverage="100% (2/2)">
              <conditions>
                <condition number="76" type="jump" coverage="100%" />
              </conditions>
            </line>
            <line number="29" hits="45" branch="False" />
            <line number="30" hits="45" branch="False" />
            <line number="31" hits="45" branch="False" />
            <line number="32" hits="3" branch="False" />
          </lines>
        </class>
      </classes>
    </package>
  </packages>
</coverage>