<?xml version="1.0" encoding="utf-8"?>
<coverage line-rate="0.6937000000000001" branch-rate="0.7037" version="1.9" timestamp="1692009494" lines-covered="145" lines-valid="209" branches-covered="38" branches-valid="54">
  <sources>
    <source>D:\P\S0GITHUB\J-API-Demos\RockPapSciApi\</source>
  </sources>
  <packages>
    <package name="RockPapSci.Data" line-rate="0.847" branch-rate="0.8332999999999999" complexity="40">
      <classes>
        <class name="RockPapSci.Data.ChoiceItem" filename="RockPapSci.Data\ChoiceItem.cs" line-rate="0.7777" branch-rate="0.6666" complexity="11">
          <methods>
            <method name="get_Id" signature="()" line-rate="1" branch-rate="1" complexity="1">
              <lines>
                <line number="5" hits="1329" branch="False" />
              </lines>
            </method>
            <method name="get_Name" signature="()" line-rate="1" branch-rate="1" complexity="1">
              <lines>
                <line number="7" hits="1317" branch="False" />
              </lines>
            </method>
            <method name="get_Letter" signature="()" line-rate="1" branch-rate="1" complexity="1">
              <lines>
                <line number="9" hits="4471" branch="False" />
              </lines>
            </method>
            <method name="Equals" signature="(RockPapSci.Data.ChoiceItem)" line-rate="0.8332999999999999" branch-rate="0.6666" complexity="6">
              <lines>
                <line number="19" hits="712" branch="False" />
                <line number="20" hits="712" branch="True" condition-coverage="50% (1/2)">
                  <conditions>
                    <condition number="7" type="jump" coverage="50%" />
                  </conditions>
                </line>
                <line number="21" hits="0" branch="False" />
                <line number="22" hits="885" branch="True" condition-coverage="100% (2/2)">
                  <conditions>
                    <condition number="19" type="jump" coverage="100%" />
                  </conditions>
                </line>
                <line number="24" hits="539" branch="True" condition-coverage="50% (1/2)">
                  <conditions>
                    <condition number="37" type="jump" coverage="50%" />
                  </conditions>
                </line>
                <line number="25" hits="712" branch="False" />
              </lines>
            </method>
            <method name="ToString" signature="()" line-rate="0" branch-rate="1" complexity="1">
              <lines>
                <line number="32" hits="0" branch="False" />
                <line number="33" hits="0" branch="False" />
                <line number="34" hits="0" branch="False" />
              </lines>
            </method>
            <method name=".ctor" signature="(System.Int32,System.String,System.String)" line-rate="1" branch-rate="1" complexity="1">
              <lines>
                <line number="11" hits="211" branch="False" />
                <line number="12" hits="211" branch="False" />
                <line number="13" hits="211" branch="False" />
                <line number="14" hits="211" branch="False" />
                <line number="15" hits="211" branch="False" />
                <line number="16" hits="211" branch="False" />
              </lines>
            </method>
          </methods>
          <lines>
            <line number="5" hits="1329" branch="False" />
            <line number="7" hits="1317" branch="False" />
            <line number="9" hits="4471" branch="False" />
            <line number="19" hits="712" branch="False" />
            <line number="20" hits="712" branch="True" condition-coverage="50% (1/2)">
              <conditions>
                <condition number="7" type="jump" coverage="50%" />
              </conditions>
            </line>
            <line number="21" hits="0" branch="False" />
            <line number="22" hits="885" branch="True" condition-coverage="100% (2/2)">
              <conditions>
                <condition number="19" type="jump" coverage="100%" />
              </conditions>
            </line>
            <line number="24" hits="539" branch="True" condition-coverage="50% (1/2)">
              <conditions>
                <condition number="37" type="jump" coverage="50%" />
              </conditions>
            </line>
            <line number="25" hits="712" branch="False" />
            <line number="32" hits="0" branch="False" />
            <line number="33" hits="0" branch="False" />
            <line number="34" hits="0" branch="False" />
            <line number="11" hits="211" branch="False" />
            <line number="12" hits="211" branch="False" />
            <line number="13" hits="211" branch="False" />
            <line number="14" hits="211" branch="False" />
            <line number="15" hits="211" branch="False" />
            <line number="16" hits="211" branch="False" />
          </lines>
        </class>
        <class name="RockPapSci.Data.ChoicePair" filename="RockPapSci.Data\ChoicePair.cs" line-rate="1" branch-rate="1" complexity="3">
          <methods>
            <method name="get_Item1" signature="()" line-rate="1" branch-rate="1" complexity="1">
              <lines>
                <line number="5" hits="959" branch="False" />
              </lines>
            </method>
            <method name="get_Item2" signature="()" line-rate="1" branch-rate="1" complexity="1">
              <lines>
                <line number="7" hits="544" branch="False" />
              </lines>
            </method>
            <method name=".ctor" signature="(RockPapSci.Data.ChoiceItem,RockPapSci.Data.ChoiceItem)" line-rate="1" branch-rate="1" complexity="1">
              <lines>
                <line number="9" hits="840" branch="False" />
                <line number="10" hits="420" branch="False" />
                <line number="11" hits="420" branch="False" />
                <line number="12" hits="420" branch="False" />
              </lines>
            </method>
          </methods>
          <lines>
            <line number="5" hits="959" branch="False" />
            <line number="7" hits="544" branch="False" />
            <line number="9" hits="840" branch="False" />
            <line number="10" hits="420" branch="False" />
            <line number="11" hits="420" branch="False" />
            <line number="12" hits="420" branch="False" />
          </lines>
        </class>
        <class name="RockPapSci.Data.DataException" filename="RockPapSci.Data\DataException.cs" line-rate="0" branch-rate="1" complexity="2">
          <methods>
            <method name=".ctor" signature="(System.String)" line-rate="0" branch-rate="1" complexity="1">
              <lines>
                <line number="8" hits="0" branch="False" />
                <line number="9" hits="0" branch="False" />
                <line number="10" hits="0" branch="False" />
              </lines>
            </method>
            <method name=".ctor" signature="(System.String,System.Exception)" line-rate="0" branch-rate="1" complexity="1">
              <lines>
                <line number="12" hits="0" branch="False" />
                <line number="13" hits="0" branch="False" />
                <line number="14" hits="0" branch="False" />
              </lines>
            </method>
          </methods>
          <lines>
            <line number="8" hits="0" branch="False" />
            <line number="9" hits="0" branch="False" />
            <line number="10" hits="0" branch="False" />
            <line number="12" hits="0" branch="False" />
            <line number="13" hits="0" branch="False" />
            <line number="14" hits="0" branch="False" />
          </lines>
        </class>
        <class name="RockPapSci.Data.GameModel" filename="RockPapSci.Data\GameModel.cs" line-rate="0.9411" branch-rate="0.5" complexity="8">
          <methods>
            <method name="get_ChoiceItems" signature="()" line-rate="1" branch-rate="1" complexity="1">
              <lines>
                <line number="11" hits="912" branch="False" />
              </lines>
            </method>
            <method name="get_Strengths" signature="()" line-rate="1" branch-rate="1" complexity="1">
              <lines>
                <line number="16" hits="524" branch="False" />
              </lines>
            </method>
            <method name="Initialize" signature="()" line-rate="1" branch-rate="1" complexity="1">
              <lines>
                <line number="23" hits="42" branch="False" />
                <line number="25" hits="42" branch="False" />
                <line number="26" hits="42" branch="False" />
                <line number="27" hits="42" branch="False" />
                <line number="28" hits="42" branch="False" />
                <line number="29" hits="42" branch="False" />
                <line number="30" hits="42" branch="False" />
                <line number="31" hits="42" branch="False" />
                <line number="33" hits="42" branch="False" />
                <line number="36" hits="42" branch="False" />
                <line number="38" hits="42" branch="False" />
                <line number="40" hits="42" branch="False" />
                <line number="42" hits="42" branch="False" />
                <line number="44" hits="42" branch="False" />
                <line number="46" hits="42" branch="False" />
                <line number="48" hits="42" branch="False" />
                <line number="50" hits="42" branch="False" />
                <line number="52" hits="42" branch="False" />
                <line number="54" hits="42" branch="False" />
                <line number="55" hits="42" branch="False" />
              </lines>
            </method>
            <method name="AddStrengthRule" signature="(System.String,System.String)" line-rate="0.7777" branch-rate="0.5" complexity="4">
              <lines>
                <line number="58" hits="420" branch="False" />
                <line number="59" hits="2520" branch="False" />
                <line number="60" hits="420" branch="True" condition-coverage="50% (1/2)">
                  <conditions>
                    <condition number="51" type="jump" coverage="50%" />
                  </conditions>
                </line>
                <line number="61" hits="0" branch="False" />
                <line number="62" hits="2520" branch="False" />
                <line number="63" hits="420" branch="True" condition-coverage="50% (1/2)">
                  <conditions>
                    <condition number="96" type="jump" coverage="50%" />
                  </conditions>
                </line>
                <line number="64" hits="0" branch="False" />
                <line number="65" hits="420" branch="False" />
                <line number="66" hits="420" branch="False" />
              </lines>
            </method>
            <method name=".ctor" signature="()" line-rate="1" branch-rate="1" complexity="1">
              <lines>
                <line number="18" hits="42" branch="False" />
                <line number="19" hits="21" branch="False" />
                <line number="20" hits="21" branch="False" />
              </lines>
            </method>
          </methods>
          <lines>
            <line number="11" hits="912" branch="False" />
            <line number="16" hits="524" branch="False" />
            <line number="23" hits="42" branch="False" />
            <line number="25" hits="42" branch="False" />
            <line number="26" hits="42" branch="False" />
            <line number="27" hits="42" branch="False" />
            <line number="28" hits="42" branch="False" />
            <line number="29" hits="42" branch="False" />
            <line number="30" hits="42" branch="False" />
            <line number="31" hits="42" branch="False" />
            <line number="33" hits="42" branch="False" />
            <line number="36" hits="42" branch="False" />
            <line number="38" hits="42" branch="False" />
            <line number="40" hits="42" branch="False" />
            <line number="42" hits="42" branch="False" />
            <line number="44" hits="42" branch="False" />
            <line number="46" hits="42" branch="False" />
            <line number="48" hits="42" branch="False" />
            <line number="50" hits="42" branch="False" />
            <line number="52" hits="42" branch="False" />
            <line number="54" hits="42" branch="False" />
            <line number="55" hits="42" branch="False" />
            <line number="58" hits="420" branch="False" />
            <line number="59" hits="2520" branch="False" />
            <line number="60" hits="420" branch="True" condition-coverage="50% (1/2)">
              <conditions>
                <condition number="51" type="jump" coverage="50%" />
              </conditions>
            </line>
            <line number="61" hits="0" branch="False" />
            <line number="62" hits="2520" branch="False" />
            <line number="63" hits="420" branch="True" condition-coverage="50% (1/2)">
              <conditions>
                <condition number="96" type="jump" coverage="50%" />
              </conditions>
            </line>
            <line number="64" hits="0" branch="False" />
            <line number="65" hits="420" branch="False" />
            <line number="66" hits="420" branch="False" />
            <line number="18" hits="42" branch="False" />
            <line number="19" hits="21" branch="False" />
            <line number="20" hits="21" branch="False" />
          </lines>
        </class>
        <class name="RockPapSci.Data.GameModelRules" filename="RockPapSci.Data\GameModelRules.cs" line-rate="0.9523" branch-rate="1" complexity="16">
          <methods>
            <method name="get_GameModel" signature="()" line-rate="0" branch-rate="1" complexity="1">
              <lines>
                <line number="13" hits="0" branch="False" />
              </lines>
            </method>
            <method name="GetWinner" signature="(RockPapSci.Data.ChoiceItem,RockPapSci.Data.ChoiceItem)" line-rate="1" branch-rate="1" complexity="14">
              <lines>
                <line number="21" hits="27" branch="False" />
                <line number="22" hits="27" branch="True" condition-coverage="100% (4/4)">
                  <conditions>
                    <condition number="27" type="jump" coverage="100%" />
                    <condition number="43" type="jump" coverage="100%" />
                  </conditions>
                </line>
                <line number="23" hits="1" branch="False" />
                <line number="25" hits="31" branch="True" condition-coverage="100% (2/2)">
                  <conditions>
                    <condition number="74" type="jump" coverage="100%" />
                  </conditions>
                </line>
                <line number="27" hits="185" branch="True" condition-coverage="100% (2/2)">
                  <conditions>
                    <condition number="17" type="jump" coverage="100%" />
                  </conditions>
                </line>
                <line number="28" hits="21" branch="True" condition-coverage="100% (2/2)">
                  <conditions>
                    <condition number="117" type="jump" coverage="100%" />
                  </conditions>
                </line>
                <line number="29" hits="10" branch="False" />
                <line number="30" hits="10" branch="False" />
                <line number="33" hits="11" branch="False" />
                <line number="34" hits="75" branch="True" condition-coverage="100% (2/2)">
                  <conditions>
                    <condition number="17" type="jump" coverage="100%" />
                  </conditions>
                </line>
                <line number="35" hits="11" branch="True" condition-coverage="100% (2/2)">
                  <conditions>
                    <condition number="162" type="jump" coverage="100%" />
                  </conditions>
                </line>
                <line number="36" hits="10" branch="False" />
                <line number="37" hits="10" branch="False" />
                <line number="40" hits="1" branch="False" />
                <line number="41" hits="1" branch="False" />
                <line number="45" hits="27" branch="False" />
              </lines>
            </method>
            <method name=".ctor" signature="(RockPapSci.Data.Interfaces.IGameModel)" line-rate="1" branch-rate="1" complexity="1">
              <lines>
                <line number="15" hits="13" branch="False" />
                <line number="16" hits="13" branch="False" />
                <line number="17" hits="13" branch="False" />
                <line number="18" hits="13" branch="False" />
              </lines>
            </method>
          </methods>
          <lines>
            <line number="13" hits="0" branch="False" />
            <line number="21" hits="27" branch="False" />
            <line number="22" hits="27" branch="True" condition-coverage="100% (4/4)">
              <conditions>
                <condition number="27" type="jump" coverage="100%" />
                <condition number="43" type="jump" coverage="100%" />
              </conditions>
            </line>
            <line number="23" hits="1" branch="False" />
            <line number="25" hits="31" branch="True" condition-coverage="100% (2/2)">
              <conditions>
                <condition number="74" type="jump" coverage="100%" />
              </conditions>
            </line>
            <line number="27" hits="185" branch="True" condition-coverage="100% (2/2)">
              <conditions>
                <condition number="17" type="jump" coverage="100%" />
              </conditions>
            </line>
            <line number="28" hits="21" branch="True" condition-coverage="100% (2/2)">
              <conditions>
                <condition number="117" type="jump" coverage="100%" />
              </conditions>
            </line>
            <line number="29" hits="10" branch="False" />
            <line number="30" hits="10" branch="False" />
            <line number="33" hits="11" branch="False" />
            <line number="34" hits="75" branch="True" condition-coverage="100% (2/2)">
              <conditions>
                <condition number="17" type="jump" coverage="100%" />
              </conditions>
            </line>
            <line number="35" hits="11" branch="True" condition-coverage="100% (2/2)">
              <conditions>
                <condition number="162" type="jump" coverage="100%" />
              </conditions>
            </line>
            <line number="36" hits="10" branch="False" />
            <line number="37" hits="10" branch="False" />
            <line number="40" hits="1" branch="False" />
            <line number="41" hits="1" branch="False" />
            <line number="45" hits="27" branch="False" />
            <line number="15" hits="13" branch="False" />
            <line number="16" hits="13" branch="False" />
            <line number="17" hits="13" branch="False" />
            <line number="18" hits="13" branch="False" />
          </lines>
        </class>
      </classes>
    </package>
    <package name="RockPapSci.Dtos" line-rate="0.6" branch-rate="0" complexity="9">
      <classes>
        <class name="RockPapSci.Dtos.Play.PlayRequest" filename="RockPapSci.Dtos\Play\PlayRequest.cs" line-rate="0" branch-rate="1" complexity="1">
          <methods>
            <method name="get_PlayerChoice" signature="()" line-rate="0" branch-rate="1" complexity="1">
              <lines>
                <line number="14" hits="0" branch="False" />
              </lines>
            </method>
          </methods>
          <lines>
            <line number="14" hits="0" branch="False" />
          </lines>
        </class>
        <class name="RockPapSci.Dtos.Play.PlayResponse" filename="RockPapSci.Dtos\Play\PlayResponse.cs" line-rate="1" branch-rate="1" complexity="3">
          <methods>
            <method name="get_Result" signature="()" line-rate="1" branch-rate="1" complexity="1">
              <lines>
                <line number="11" hits="6" branch="False" />
              </lines>
            </method>
            <method name="get_PlayerChoice" signature="()" line-rate="1" branch-rate="1" complexity="1">
              <lines>
                <line number="14" hits="5" branch="False" />
              </lines>
            </method>
            <method name="get_BotChoice" signature="()" line-rate="1" branch-rate="1" complexity="1">
              <lines>
                <line number="17" hits="4" branch="False" />
              </lines>
            </method>
          </methods>
          <lines>
            <line number="11" hits="6" branch="False" />
            <line number="14" hits="5" branch="False" />
            <line number="17" hits="4" branch="False" />
          </lines>
        </class>
        <class name="RockPapSci.Dtos.Choices.ChoiceDto" filename="RockPapSci.Dtos\Choices\ChoiceDto.cs" line-rate="0.4" branch-rate="0" complexity="4">
          <methods>
            <method name="get_Id" signature="()" line-rate="1" branch-rate="1" complexity="1">
              <lines>
                <line number="11" hits="47" branch="False" />
              </lines>
            </method>
            <method name="get_Name" signature="()" line-rate="1" branch-rate="1" complexity="1">
              <lines>
                <line number="14" hits="35" branch="False" />
              </lines>
            </method>
            <method name="ToString" signature="()" line-rate="0" branch-rate="0" complexity="2">
              <lines>
                <line number="21" hits="0" branch="False" />
                <line number="22" hits="0" branch="True" condition-coverage="0% (0/2)">
                  <conditions>
                    <condition number="19" type="jump" coverage="0%" />
                  </conditions>
                </line>
                <line number="23" hits="0" branch="False" />
              </lines>
            </method>
          </methods>
          <lines>
            <line number="11" hits="47" branch="False" />
            <line number="14" hits="35" branch="False" />
            <line number="21" hits="0" branch="False" />
            <line number="22" hits="0" branch="True" condition-coverage="0% (0/2)">
              <conditions>
                <condition number="19" type="jump" coverage="0%" />
              </conditions>
            </line>
            <line number="23" hits="0" branch="False" />
          </lines>
        </class>
        <class name="RockPapSci.Dtos.Choices.ChoicesResponse" filename="RockPapSci.Dtos\Choices\ChoicesResponse.cs" line-rate="1" branch-rate="1" complexity="1">
          <methods>
            <method name="get_Choices" signature="()" line-rate="1" branch-rate="1" complexity="1">
              <lines>
                <line number="5" hits="5" branch="False" />
              </lines>
            </method>
          </methods>
          <lines>
            <line number="5" hits="5" branch="False" />
          </lines>
        </class>
      </classes>
    </package>
    <package name="RockPapSci.Service.Common" line-rate="0" branch-rate="1" complexity="6">
      <classes>
        <class name="RockPapSci.Service.Common.ConfigReaderSettings" filename="RockPapSci.Service.Common\ConfigReaderSettings.cs" line-rate="0" branch-rate="1" complexity="2">
          <methods>
            <method name="get_RandomUrl" signature="()" line-rate="0" branch-rate="1" complexity="1">
              <lines>
                <line number="5" hits="0" branch="False" />
              </lines>
            </method>
            <method name="get_TimeoutSeconds" signature="()" line-rate="0" branch-rate="1" complexity="1">
              <lines>
                <line number="6" hits="0" branch="False" />
              </lines>
            </method>
          </methods>
          <lines>
            <line number="5" hits="0" branch="False" />
            <line number="6" hits="0" branch="False" />
          </lines>
        </class>
        <class name="RockPapSci.Service.Common.ServiceException" filename="RockPapSci.Service.Common\ServiceException.cs" line-rate="0" branch-rate="1" complexity="2">
          <methods>
            <method name=".ctor" signature="(System.String)" line-rate="0" branch-rate="1" complexity="1">
              <lines>
                <line number="8" hits="0" branch="False" />
                <line number="9" hits="0" branch="False" />
                <line number="10" hits="0" branch="False" />
              </lines>
            </method>
            <method name=".ctor" signature="(System.String,System.Exception)" line-rate="0" branch-rate="1" complexity="1">
              <lines>
                <line number="12" hits="0" branch="False" />
                <line number="13" hits="0" branch="False" />
                <line number="14" hits="0" branch="False" />
              </lines>
            </method>
          </methods>
          <lines>
            <line number="8" hits="0" branch="False" />
            <line number="9" hits="0" branch="False" />
            <line number="10" hits="0" branch="False" />
            <line number="12" hits="0" branch="False" />
            <line number="13" hits="0" branch="False" />
            <line number="14" hits="0" branch="False" />
          </lines>
        </class>
        <class name="RockPapSci.Service.Common.ThirdServiceException" filename="RockPapSci.Service.Common\ThirdServiceException.cs" line-rate="0" branch-rate="1" complexity="2">
          <methods>
            <method name=".ctor" signature="(System.String)" line-rate="0" branch-rate="1" complexity="1">
              <lines>
                <line number="8" hits="0" branch="False" />
                <line number="9" hits="0" branch="False" />
                <line number="10" hits="0" branch="False" />
              </lines>
            </method>
            <method name=".ctor" signature="(System.String,System.Exception)" line-rate="0" branch-rate="1" complexity="1">
              <lines>
                <line number="12" hits="0" branch="False" />
                <line number="13" hits="0" branch="False" />
                <line number="14" hits="0" branch="False" />
              </lines>
            </method>
          </methods>
          <lines>
            <line number="8" hits="0" branch="False" />
            <line number="9" hits="0" branch="False" />
            <line number="10" hits="0" branch="False" />
            <line number="12" hits="0" branch="False" />
            <line number="13" hits="0" branch="False" />
            <line number="14" hits="0" branch="False" />
          </lines>
        </class>
      </classes>
    </package>
    <package name="RockPapSci.Service" line-rate="0.67" branch-rate="0.6428" complexity="34">
      <classes>
        <class name="RockPapSci.Dtos.Play.WinnerResultsMapper" filename="RockPapSci.Service\Mappers\WinnerResultsMapper.cs" line-rate="1" branch-rate="1" complexity="2">
          <methods>
            <method name="ToText" signature="(RockPapSci.Data.WinnerResult)" line-rate="1" branch-rate="1" complexity="1">
              <lines>
                <line number="16" hits="4" branch="False" />
                <line number="17" hits="4" branch="False" />
                <line number="18" hits="4" branch="False" />
              </lines>
            </method>
            <method name=".cctor" signature="()" line-rate="1" branch-rate="1" complexity="1">
              <lines>
                <line number="7" hits="1" branch="False" />
                <line number="8" hits="1" branch="False" />
                <line number="9" hits="1" branch="False" />
                <line number="10" hits="1" branch="False" />
                <line number="11" hits="1" branch="False" />
                <line number="12" hits="1" branch="False" />
                <line number="13" hits="1" branch="False" />
              </lines>
            </method>
          </methods>
          <lines>
            <line number="16" hits="4" branch="False" />
            <line number="17" hits="4" branch="False" />
            <line number="18" hits="4" branch="False" />
            <line number="7" hits="1" branch="False" />
            <line number="8" hits="1" branch="False" />
            <line number="9" hits="1" branch="False" />
            <line number="10" hits="1" branch="False" />
            <line number="11" hits="1" branch="False" />
            <line number="12" hits="1" branch="False" />
            <line number="13" hits="1" branch="False" />
          </lines>
        </class>
        <class name="RockPapSci.Service.GameService" filename="RockPapSci.Service\GameService.cs" line-rate="1" branch-rate="1" complexity="3">
          <methods>
            <method name="GetChoices" signature="(System.Threading.CancellationToken)" line-rate="1" branch-rate="1" complexity="2">
              <lines>
                <line number="29" hits="5" branch="False" />
                <line number="30" hits="5" branch="True" condition-coverage="100% (2/2)">
                  <conditions>
                    <condition number="12" type="jump" coverage="100%" />
                  </conditions>
                </line>
                <line number="31" hits="2" branch="False" />
                <line number="33" hits="3" branch="False" />
                <line number="34" hits="8" branch="False" />
                <line number="35" hits="8" branch="False" />
                <line number="36" hits="8" branch="False" />
                <line number="37" hits="8" branch="False" />
                <line number="38" hits="8" branch="False" />
                <line number="40" hits="3" branch="False" />
                <line number="41" hits="3" branch="False" />
              </lines>
            </method>
            <method name=".ctor" signature="(RockPapSci.Data.Interfaces.IGameModel,RockPapSci.Data.Interfaces.IGameModelRules,RockPapSci.Service.Common.IRandomGeneratorService,Microsoft.Extensions.Logging.ILogger`1&lt;RockPapSci.Service.GameService&gt;)" line-rate="1" branch-rate="1" complexity="1">
              <lines>
                <line number="17" hits="6" branch="False" />
                <line number="18" hits="6" branch="False" />
                <line number="19" hits="6" branch="False" />
                <line number="20" hits="6" branch="False" />
                <line number="21" hits="6" branch="False" />
                <line number="22" hits="6" branch="False" />
                <line number="23" hits="6" branch="False" />
                <line number="24" hits="6" branch="False" />
                <line number="25" hits="6" branch="False" />
                <line number="26" hits="6" branch="False" />
              </lines>
            </method>
          </methods>
          <lines>
            <line number="29" hits="5" branch="False" />
            <line number="30" hits="5" branch="True" condition-coverage="100% (2/2)">
              <conditions>
                <condition number="12" type="jump" coverage="100%" />
              </conditions>
            </line>
            <line number="31" hits="2" branch="False" />
            <line number="33" hits="3" branch="False" />
            <line number="34" hits="8" branch="False" />
            <line number="35" hits="8" branch="False" />
            <line number="36" hits="8" branch="False" />
            <line number="37" hits="8" branch="False" />
            <line number="38" hits="8" branch="False" />
            <line number="40" hits="3" branch="False" />
            <line number="41" hits="3" branch="False" />
            <line number="17" hits="6" branch="False" />
            <line number="18" hits="6" branch="False" />
            <line number="19" hits="6" branch="False" />
            <line number="20" hits="6" branch="False" />
            <line number="21" hits="6" branch="False" />
            <line number="22" hits="6" branch="False" />
            <line number="23" hits="6" branch="False" />
            <line number="24" hits="6" branch="False" />
            <line number="25" hits="6" branch="False" />
            <line number="26" hits="6" branch="False" />
          </lines>
        </class>
        <class name="RockPapSci.Service.GameService/&lt;&gt;c__DisplayClass7_0" filename="RockPapSci.Service\GameService.cs" line-rate="1" branch-rate="0.75" complexity="5">
          <methods>
            <method name="&lt;BotPlayOne&gt;b__0" signature="(RockPapSci.Data.ChoiceItem)" line-rate="1" branch-rate="1" complexity="1">
              <lines>
                <line number="77" hits="27" branch="False" />
              </lines>
            </method>
            <method name="&lt;BotPlayOne&gt;b__1" signature="(RockPapSci.Data.ChoiceItem)" line-rate="1" branch-rate="1" complexity="2">
              <lines>
                <line number="79" hits="23" branch="True" condition-coverage="100% (2/2)">
                  <conditions>
                    <condition number="23" type="jump" coverage="100%" />
                  </conditions>
                </line>
              </lines>
            </method>
            <method name="&lt;BotPlayOne&gt;b__2" signature="(RockPapSci.Data.ChoiceItem)" line-rate="1" branch-rate="0.5" complexity="2">
              <lines>
                <line number="84" hits="10" branch="True" condition-coverage="50% (1/2)">
                  <conditions>
                    <condition number="13" type="jump" coverage="50%" />
                  </conditions>
                </line>
              </lines>
            </method>
          </methods>
          <lines>
            <line number="77" hits="27" branch="False" />
            <line number="79" hits="23" branch="True" condition-coverage="100% (2/2)">
              <conditions>
                <condition number="23" type="jump" coverage="100%" />
              </conditions>
            </line>
            <line number="84" hits="10" branch="True" condition-coverage="50% (1/2)">
              <conditions>
                <condition number="13" type="jump" coverage="50%" />
              </conditions>
            </line>
          </lines>
        </class>
        <class name="RockPapSci.Service.GameService/&lt;BotPlayOne&gt;d__7" filename="RockPapSci.Service\GameService.cs" line-rate="0.9411" branch-rate="0.8" complexity="10">
          <methods>
            <method name="MoveNext" signature="()" line-rate="0.9411" branch-rate="0.8" complexity="10">
              <lines>
                <line number="73" hits="7" branch="False" />
                <line number="74" hits="7" branch="True" condition-coverage="100% (2/2)">
                  <conditions>
                    <condition number="62" type="jump" coverage="100%" />
                  </conditions>
                </line>
                <line number="75" hits="1" branch="False" />
                <line number="78" hits="5" branch="True" condition-coverage="100% (2/2)">
                  <conditions>
                    <condition number="130" type="jump" coverage="100%" />
                  </conditions>
                </line>
                <line number="80" hits="5" branch="True" condition-coverage="100% (2/2)">
                  <conditions>
                    <condition number="189" type="jump" coverage="100%" />
                  </conditions>
                </line>
                <line number="81" hits="3" branch="False" />
                <line number="83" hits="2" branch="False" />
                <line number="85" hits="2" branch="True" condition-coverage="50% (1/2)">
                  <conditions>
                    <condition number="498" type="jump" coverage="50%" />
                  </conditions>
                </line>
                <line number="86" hits="0" branch="False" />
                <line number="88" hits="2" branch="False" />
                <line number="89" hits="2" branch="True" condition-coverage="50% (1/2)">
                  <conditions>
                    <condition number="581" type="jump" coverage="50%" />
                  </conditions>
                </line>
                <line number="90" hits="2" branch="False" />
                <line number="91" hits="2" branch="False" />
                <line number="92" hits="2" branch="False" />
                <line number="93" hits="2" branch="False" />
                <line number="95" hits="2" branch="False" />
                <line number="96" hits="2" branch="False" />
              </lines>
            </method>
          </methods>
          <lines>
            <line number="73" hits="7" branch="False" />
            <line number="74" hits="7" branch="True" condition-coverage="100% (2/2)">
              <conditions>
                <condition number="62" type="jump" coverage="100%" />
              </conditions>
            </line>
            <line number="75" hits="1" branch="False" />
            <line number="78" hits="5" branch="True" condition-coverage="100% (2/2)">
              <conditions>
                <condition number="130" type="jump" coverage="100%" />
              </conditions>
            </line>
            <line number="80" hits="5" branch="True" condition-coverage="100% (2/2)">
              <conditions>
                <condition number="189" type="jump" coverage="100%" />
              </conditions>
            </line>
            <line number="81" hits="3" branch="False" />
            <line number="83" hits="2" branch="False" />
            <line number="85" hits="2" branch="True" condition-coverage="50% (1/2)">
              <conditions>
                <condition number="498" type="jump" coverage="50%" />
              </conditions>
            </line>
            <line number="86" hits="0" branch="False" />
            <line number="88" hits="2" branch="False" />
            <line number="89" hits="2" branch="True" condition-coverage="50% (1/2)">
              <conditions>
                <condition number="581" type="jump" coverage="50%" />
              </conditions>
            </line>
            <line number="90" hits="2" branch="False" />
            <line number="91" hits="2" branch="False" />
            <line number="92" hits="2" branch="False" />
            <line number="93" hits="2" branch="False" />
            <line number="95" hits="2" branch="False" />
            <line number="96" hits="2" branch="False" />
          </lines>
        </class>
        <class name="RockPapSci.Service.GameService/&lt;GetRandomChoice&gt;d__6" filename="RockPapSci.Service\GameService.cs" line-rate="0.75" branch-rate="0.6666" complexity="6">
          <methods>
            <method name="MoveNext" signature="()" line-rate="0.75" branch-rate="0.6666" complexity="6">
              <lines>
                <line number="44" hits="6" branch="False" />
                <line number="45" hits="6" branch="True" condition-coverage="100% (2/2)">
                  <conditions>
                    <condition number="34" type="jump" coverage="100%" />
                  </conditions>
                </line>
                <line number="46" hits="1" branch="False" />
                <line number="47" hits="5" branch="False" />
                <line number="48" hits="5" branch="False" />
                <line number="49" hits="3" branch="True" condition-coverage="50% (1/2)">
                  <conditions>
                    <condition number="223" type="jump" coverage="50%" />
                  </conditions>
                </line>
                <line number="50" hits="0" branch="False" />
                <line number="51" hits="0" branch="False" />
                <line number="52" hits="0" branch="False" />
                <line number="56" hits="3" branch="False" />
                <line number="58" hits="3" branch="True" condition-coverage="50% (1/2)">
                  <conditions>
                    <condition number="297" type="jump" coverage="50%" />
                  </conditions>
                </line>
                <line number="59" hits="3" branch="False" />
              </lines>
            </method>
          </methods>
          <lines>
            <line number="44" hits="6" branch="False" />
            <line number="45" hits="6" branch="True" condition-coverage="100% (2/2)">
              <conditions>
                <condition number="34" type="jump" coverage="100%" />
              </conditions>
            </line>
            <line number="46" hits="1" branch="False" />
            <line number="47" hits="5" branch="False" />
            <line number="48" hits="5" branch="False" />
            <line number="49" hits="3" branch="True" condition-coverage="50% (1/2)">
              <conditions>
                <condition number="223" type="jump" coverage="50%" />
              </conditions>
            </line>
            <line number="50" hits="0" branch="False" />
            <line number="51" hits="0" branch="False" />
            <line number="52" hits="0" branch="False" />
            <line number="56" hits="3" branch="False" />
            <line number="58" hits="3" branch="True" condition-coverage="50% (1/2)">
              <conditions>
                <condition number="297" type="jump" coverage="50%" />
              </conditions>
            </line>
            <line number="59" hits="3" branch="False" />
          </lines>
        </class>
        <class name="RockPapSci.Service.RandomGeneratorService" filename="RockPapSci.Service\RandomGeneratorService.cs" line-rate="0" branch-rate="1" complexity="1">
          <methods>
            <method name=".ctor" signature="(RockPapSci.Service.Common.ConfigReaderSettings,System.Net.Http.HttpClient,Microsoft.Extensions.Logging.ILogger`1&lt;RockPapSci.Service.RandomGeneratorService&gt;)" line-rate="0" branch-rate="1" complexity="1">
              <lines>
                <line number="15" hits="0" branch="False" />
                <line number="16" hits="0" branch="False" />
                <line number="17" hits="0" branch="False" />
                <line number="18" hits="0" branch="False" />
                <line number="19" hits="0" branch="False" />
                <line number="20" hits="0" branch="False" />
              </lines>
            </method>
          </methods>
          <lines>
            <line number="15" hits="0" branch="False" />
            <line number="16" hits="0" branch="False" />
            <line number="17" hits="0" branch="False" />
            <line number="18" hits="0" branch="False" />
            <line number="19" hits="0" branch="False" />
            <line number="20" hits="0" branch="False" />
          </lines>
        </class>
        <class name="RockPapSci.Service.RandomGeneratorService/&lt;GetRandom&gt;d__4" filename="RockPapSci.Service\RandomGeneratorService.cs" line-rate="0" branch-rate="0" complexity="4">
          <methods>
            <method name="MoveNext" signature="()" line-rate="0" branch-rate="0" complexity="4">
              <lines>
                <line number="31" hits="0" branch="False" />
                <line number="33" hits="0" branch="False" />
                <line number="34" hits="0" branch="False" />
                <line number="36" hits="0" branch="False" />
                <line number="38" hits="0" branch="False" />
                <line number="39" hits="0" branch="False" />
                <line number="41" hits="0" branch="False" />
                <line number="43" hits="0" branch="False" />
                <line number="45" hits="0" branch="True" condition-coverage="0% (0/4)">
                  <conditions>
                    <condition number="531" type="jump" coverage="0%" />
                    <condition number="560" type="jump" coverage="0%" />
                  </conditions>
                </line>
                <line number="46" hits="0" branch="False" />
                <line number="47" hits="0" branch="False" />
                <line number="48" hits="0" branch="False" />
                <line number="49" hits="0" branch="False" />
                <line number="52" hits="0" branch="False" />
                <line number="53" hits="0" branch="False" />
                <line number="54" hits="0" branch="False" />
                <line number="59" hits="0" branch="False" />
                <line number="60" hits="0" branch="False" />
                <line number="61" hits="0" branch="False" />
                <line number="62" hits="0" branch="False" />
                <line number="63" hits="0" branch="False" />
                <line number="65" hits="0" branch="False" />
              </lines>
            </method>
          </methods>
          <lines>
            <line number="31" hits="0" branch="False" />
            <line number="33" hits="0" branch="False" />
            <line number="34" hits="0" branch="False" />
            <line number="36" hits="0" branch="False" />
            <line number="38" hits="0" branch="False" />
            <line number="39" hits="0" branch="False" />
            <line number="41" hits="0" branch="False" />
            <line number="43" hits="0" branch="False" />
            <line number="45" hits="0" branch="True" condition-coverage="0% (0/4)">
              <conditions>
                <condition number="531" type="jump" coverage="0%" />
                <condition number="560" type="jump" coverage="0%" />
              </conditions>
            </line>
            <line number="46" hits="0" branch="False" />
            <line number="47" hits="0" branch="False" />
            <line number="48" hits="0" branch="False" />
            <line number="49" hits="0" branch="False" />
            <line number="52" hits="0" branch="False" />
            <line number="53" hits="0" branch="False" />
            <line number="54" hits="0" branch="False" />
            <line number="59" hits="0" branch="False" />
            <line number="60" hits="0" branch="False" />
            <line number="61" hits="0" branch="False" />
            <line number="62" hits="0" branch="False" />
            <line number="63" hits="0" branch="False" />
            <line number="65" hits="0" branch="False" />
          </lines>
        </class>
        <class name="RockPapSci.Service.Mappers.ChoiceMappersExtensions" filename="RockPapSci.Service\Mappers\ChoiceMappersExtensions.cs" line-rate="1" branch-rate="0.5" complexity="2">
          <methods>
            <method name="ToDto" signature="(RockPapSci.Data.ChoiceItem)" line-rate="1" branch-rate="0.5" complexity="2">
              <lines>
                <line number="9" hits="4" branch="False" />
                <line number="10" hits="4" branch="True" condition-coverage="50% (1/2)">
                  <conditions>
                    <condition number="7" type="jump" coverage="50%" />
                  </conditions>
                </line>
                <line number="11" hits="4" branch="False" />
                <line number="12" hits="4" branch="False" />
                <line number="13" hits="4" branch="False" />
                <line number="14" hits="4" branch="False" />
                <line number="15" hits="4" branch="False" />
                <line number="16" hits="4" branch="False" />
              </lines>
            </method>
          </methods>
          <lines>
            <line number="9" hits="4" branch="False" />
            <line number="10" hits="4" branch="True" condition-coverage="50% (1/2)">
              <conditions>
                <condition number="7" type="jump" coverage="50%" />
              </conditions>
            </line>
            <line number="11" hits="4" branch="False" />
            <line number="12" hits="4" branch="False" />
            <line number="13" hits="4" branch="False" />
            <line number="14" hits="4" branch="False" />
            <line number="15" hits="4" branch="False" />
            <line number="16" hits="4" branch="False" />
          </lines>
        </class>
        <class name="RockPapSci.Service.Https.RandomResponseObject" filename="RockPapSci.Service\Https\RandomResponseObject.cs" line-rate="0" branch-rate="1" complexity="1">
          <methods>
            <method name="get_Random" signature="()" line-rate="0" branch-rate="1" complexity="1">
              <lines>
                <line number="8" hits="0" branch="False" />
              </lines>
            </method>
          </methods>
          <lines>
            <line number="8" hits="0" branch="False" />
          </lines>
        </class>
      </classes>
    </package>
  </packages>
</coverage>